<?xml version="1.0" encoding="UTF-8"?>
<testng-results skipped="0" failed="0" ignored="0" total="9" passed="9">
  <reporter-output>
  </reporter-output>
  <suite name="Surefire suite" duration-ms="72694" started-at="2021-12-31T15:12:24 IST" finished-at="2021-12-31T15:13:37 IST">
    <groups>
      <group name="cucumber">
        <method signature="AbstractTestNGCucumberTests.runScenario(io.cucumber.testng.PickleWrapper, io.cucumber.testng.FeatureWrapper)[pri:0, instance:com.coding.Runner.TestRunner@711f39f9]" name="runScenario" class="io.cucumber.testng.AbstractTestNGCucumberTests"/>
      </group> <!-- cucumber -->
    </groups>
    <test name="Surefire test" duration-ms="72694" started-at="2021-12-31T15:12:24 IST" finished-at="2021-12-31T15:13:37 IST">
      <class name="com.coding.Runner.TestRunner">
        <test-method status="PASS" signature="setUpClass()[pri:0, instance:com.coding.Runner.TestRunner@711f39f9]" name="setUpClass" is-config="true" duration-ms="1126" started-at="2021-12-31T15:12:24 IST" finished-at="2021-12-31T15:12:26 IST">
          <reporter-output>
          </reporter-output>
        </test-method> <!-- setUpClass -->
        <test-method status="PASS" signature="setup()[pri:0, instance:com.coding.Runner.TestRunner@711f39f9]" name="setup" is-config="true" duration-ms="6" started-at="2021-12-31T15:12:26 IST" finished-at="2021-12-31T15:12:26 IST">
          <reporter-output>
          </reporter-output>
        </test-method> <!-- setup -->
        <test-method status="PASS" signature="runScenario(io.cucumber.testng.PickleWrapper, io.cucumber.testng.FeatureWrapper)[pri:0, instance:com.coding.Runner.TestRunner@711f39f9]" name="runScenario" duration-ms="17781" started-at="2021-12-31T15:12:26 IST" description="Runs Cucumber Scenarios" data-provider="scenarios" finished-at="2021-12-31T15:12:43 IST">
          <params>
            <param index="0">
              <value>
                <![CDATA[""]]>
              </value>
            </param>
            <param index="1">
              <value>
                <![CDATA["Optional[Validate the Testcases 1 & 2 given in the Email]"]]>
              </value>
            </param>
          </params>
          <reporter-output>
          </reporter-output>
        </test-method> <!-- runScenario -->
        <test-method status="PASS" signature="runScenario(io.cucumber.testng.PickleWrapper, io.cucumber.testng.FeatureWrapper)[pri:0, instance:com.coding.Runner.TestRunner@711f39f9]" name="runScenario" duration-ms="17720" started-at="2021-12-31T15:12:26 IST" description="Runs Cucumber Scenarios" data-provider="scenarios" finished-at="2021-12-31T15:12:43 IST">
          <params>
            <param index="0">
              <value>
                <![CDATA[""]]>
              </value>
            </param>
            <param index="1">
              <value>
                <![CDATA["Optional[Validate the Testcases 1 & 2 given in the Email]"]]>
              </value>
            </param>
          </params>
          <reporter-output>
          </reporter-output>
        </test-method> <!-- runScenario -->
        <test-method status="PASS" signature="runScenario(io.cucumber.testng.PickleWrapper, io.cucumber.testng.FeatureWrapper)[pri:0, instance:com.coding.Runner.TestRunner@711f39f9]" name="runScenario" duration-ms="15365" started-at="2021-12-31T15:12:43 IST" description="Runs Cucumber Scenarios" data-provider="scenarios" finished-at="2021-12-31T15:12:59 IST">
          <params>
            <param index="0">
              <value>
                <![CDATA[""]]>
              </value>
            </param>
            <param index="1">
              <value>
                <![CDATA["Optional[Validate the Testcases 1 & 2 given in the Email]"]]>
              </value>
            </param>
          </params>
          <reporter-output>
          </reporter-output>
        </test-method> <!-- runScenario -->
        <test-method status="PASS" signature="runScenario(io.cucumber.testng.PickleWrapper, io.cucumber.testng.FeatureWrapper)[pri:0, instance:com.coding.Runner.TestRunner@711f39f9]" name="runScenario" duration-ms="15258" started-at="2021-12-31T15:12:43 IST" description="Runs Cucumber Scenarios" data-provider="scenarios" finished-at="2021-12-31T15:12:59 IST">
          <params>
            <param index="0">
              <value>
                <![CDATA[""]]>
              </value>
            </param>
            <param index="1">
              <value>
                <![CDATA["Optional[Validate the Testcases 1 & 2 given in the Email]"]]>
              </value>
            </param>
          </params>
          <reporter-output>
          </reporter-output>
        </test-method> <!-- runScenario -->
        <test-method status="PASS" signature="runScenario(io.cucumber.testng.PickleWrapper, io.cucumber.testng.FeatureWrapper)[pri:0, instance:com.coding.Runner.TestRunner@711f39f9]" name="runScenario" duration-ms="23863" started-at="2021-12-31T15:12:59 IST" description="Runs Cucumber Scenarios" data-provider="scenarios" finished-at="2021-12-31T15:13:23 IST">
          <params>
            <param index="0">
              <value>
                <![CDATA[""]]>
              </value>
            </param>
            <param index="1">
              <value>
                <![CDATA["Optional[Validate the Testcases 1 & 2 given in the Email]"]]>
              </value>
            </param>
          </params>
          <reporter-output>
          </reporter-output>
        </test-method> <!-- runScenario -->
        <test-method status="PASS" signature="runScenario(io.cucumber.testng.PickleWrapper, io.cucumber.testng.FeatureWrapper)[pri:0, instance:com.coding.Runner.TestRunner@711f39f9]" name="runScenario" duration-ms="14620" started-at="2021-12-31T15:12:59 IST" description="Runs Cucumber Scenarios" data-provider="scenarios" finished-at="2021-12-31T15:13:13 IST">
          <params>
            <param index="0">
              <value>
                <![CDATA[""]]>
              </value>
            </param>
            <param index="1">
              <value>
                <![CDATA["Optional[Validate the Testcases 3 & 4 given in the Email]"]]>
              </value>
            </param>
          </params>
          <reporter-output>
          </reporter-output>
        </test-method> <!-- runScenario -->
        <test-method status="PASS" signature="runScenario(io.cucumber.testng.PickleWrapper, io.cucumber.testng.FeatureWrapper)[pri:0, instance:com.coding.Runner.TestRunner@711f39f9]" name="runScenario" duration-ms="14260" started-at="2021-12-31T15:13:13 IST" description="Runs Cucumber Scenarios" data-provider="scenarios" finished-at="2021-12-31T15:13:28 IST">
          <params>
            <param index="0">
              <value>
                <![CDATA[""]]>
              </value>
            </param>
            <param index="1">
              <value>
                <![CDATA["Optional[Validate the Testcases 3 & 4 given in the Email]"]]>
              </value>
            </param>
          </params>
          <reporter-output>
          </reporter-output>
        </test-method> <!-- runScenario -->
        <test-method status="PASS" signature="runScenario(io.cucumber.testng.PickleWrapper, io.cucumber.testng.FeatureWrapper)[pri:0, instance:com.coding.Runner.TestRunner@711f39f9]" name="runScenario" duration-ms="14259" started-at="2021-12-31T15:13:23 IST" description="Runs Cucumber Scenarios" data-provider="scenarios" finished-at="2021-12-31T15:13:37 IST">
          <params>
            <param index="0">
              <value>
                <![CDATA[""]]>
              </value>
            </param>
            <param index="1">
              <value>
                <![CDATA["Optional[Validate the Testcases 5 given in the Email]"]]>
              </value>
            </param>
          </params>
          <reporter-output>
          </reporter-output>
        </test-method> <!-- runScenario -->
        <test-method status="PASS" signature="runScenario(io.cucumber.testng.PickleWrapper, io.cucumber.testng.FeatureWrapper)[pri:0, instance:com.coding.Runner.TestRunner@711f39f9]" name="runScenario" duration-ms="8941" started-at="2021-12-31T15:13:28 IST" description="Runs Cucumber Scenarios" data-provider="scenarios" finished-at="2021-12-31T15:13:37 IST">
          <params>
            <param index="0">
              <value>
                <![CDATA[""]]>
              </value>
            </param>
            <param index="1">
              <value>
                <![CDATA["Optional[Validate the Testcases 5 given in the Email]"]]>
              </value>
            </param>
          </params>
          <reporter-output>
          </reporter-output>
        </test-method> <!-- runScenario -->
        <test-method status="PASS" signature="tearDownClass()[pri:0, instance:com.coding.Runner.TestRunner@711f39f9]" name="tearDownClass" is-config="true" duration-ms="328" started-at="2021-12-31T15:13:37 IST" finished-at="2021-12-31T15:13:37 IST">
          <reporter-output>
          </reporter-output>
        </test-method> <!-- tearDownClass -->
      </class> <!-- com.coding.Runner.TestRunner -->
    </test> <!-- Surefire test -->
  </suite> <!-- Surefire suite -->
</testng-results>
