<?xml version="1.0" encoding="UTF-8"?>
<!-- Generated by org.testng.reporters.JUnitXMLReporter -->
<testsuite hostname="Naveenkumar" ignored="0" name="Runner" tests="9" failures="8" timestamp="2021-12-31T13:31:52 IST" time="78.726" errors="0">
  <testcase name="runScenario" time="50.664" classname="io.cucumber.testng.AbstractTestNGCucumberTests">
    <failure type="java.lang.NullPointerException">
      <![CDATA[java.lang.NullPointerException
at com.coding.PagePO.HomePagePO.launchAndValidateHeader(HomePagePO.java:52)
at com.coding.StepDefinitions.StepDefinition.user_launches_the_application_and_clicks_on_something(StepDefinition.java:68)
at ✽.User launches the application and clicks on "Drag and Drop"(file:///F:/Practicesession/Logitech_Testng_Cucumber/src/test/resources/com/coding/features/Feature2.feature:15)
]]>
    </failure>
  </testcase> <!-- runScenario -->
  <testcase name="runScenario" time="50.722" classname="io.cucumber.testng.AbstractTestNGCucumberTests">
    <failure type="java.lang.NullPointerException">
      <![CDATA[java.lang.NullPointerException
at com.coding.PagePO.HomePagePO.launchAndValidateHeader(HomePagePO.java:52)
at com.coding.StepDefinitions.StepDefinition.user_launches_the_application_and_clicks_on_something(StepDefinition.java:68)
at ✽.User launches the application and clicks on "Form Authentication"(file:///F:/Practicesession/Logitech_Testng_Cucumber/src/test/resources/com/coding/features/Feature1.feature:6)
]]>
    </failure>
  </testcase> <!-- runScenario -->
  <testcase name="runScenario" time="50.73" classname="io.cucumber.testng.AbstractTestNGCucumberTests">
    <failure type="java.lang.NullPointerException">
      <![CDATA[java.lang.NullPointerException
at com.coding.PagePO.HomePagePO.launchAndValidateHeader(HomePagePO.java:52)
at com.coding.StepDefinitions.StepDefinition.user_launches_the_application_and_clicks_on_something(StepDefinition.java:68)
at ✽.User launches the application and clicks on "Dynamic Loading"(file:///F:/Practicesession/Logitech_Testng_Cucumber/src/test/resources/com/coding/features/Feature1.feature:19)
]]>
    </failure>
  </testcase> <!-- runScenario -->
  <testcase name="runScenario" time="52.394" classname="io.cucumber.testng.AbstractTestNGCucumberTests">
    <failure type="java.lang.NullPointerException">
      <![CDATA[java.lang.NullPointerException
at com.coding.PagePO.HomePagePO.launchAndValidateHeader(HomePagePO.java:52)
at com.coding.StepDefinitions.StepDefinition.user_launches_the_application_and_clicks_on_something(StepDefinition.java:68)
at ✽.User launches the application and clicks on "JavaScript Alerts"(file:///F:/Practicesession/Logitech_Testng_Cucumber/src/test/resources/com/coding/features/Feature3.feature:16)
]]>
    </failure>
  </testcase> <!-- runScenario -->
  <testcase name="runScenario" time="52.989" classname="io.cucumber.testng.AbstractTestNGCucumberTests">
    <failure type="java.lang.NullPointerException">
      <![CDATA[java.lang.NullPointerException
at com.coding.PagePO.HomePagePO.launchAndValidateHeader(HomePagePO.java:52)
at com.coding.StepDefinitions.StepDefinition.user_launches_the_application_and_clicks_on_something(StepDefinition.java:68)
at ✽.User launches the application and clicks on "Multiple Windows"(file:///F:/Practicesession/Logitech_Testng_Cucumber/src/test/resources/com/coding/features/Feature2.feature:6)
]]>
    </failure>
  </testcase> <!-- runScenario -->
  <testcase name="runScenario" time="56.065" classname="io.cucumber.testng.AbstractTestNGCucumberTests">
    <failure type="java.lang.NullPointerException">
      <![CDATA[java.lang.NullPointerException
at com.coding.PagePO.HomePagePO.launchAndValidateHeader(HomePagePO.java:52)
at com.coding.StepDefinitions.StepDefinition.user_launches_the_application_and_clicks_on_something(StepDefinition.java:68)
at ✽.User launches the application and clicks on "Form Authentication"(file:///F:/Practicesession/Logitech_Testng_Cucumber/src/test/resources/com/coding/features/Feature1.feature:6)
]]>
    </failure>
  </testcase> <!-- runScenario -->
  <testcase name="runScenario" time="57.229" classname="io.cucumber.testng.AbstractTestNGCucumberTests">
    <failure type="java.lang.NullPointerException">
      <![CDATA[java.lang.NullPointerException
at com.coding.PagePO.HomePagePO.launchAndValidateHeader(HomePagePO.java:52)
at com.coding.StepDefinitions.StepDefinition.user_launches_the_application_and_clicks_on_something(StepDefinition.java:68)
at ✽.User launches the application and clicks on "Frames"(file:///F:/Practicesession/Logitech_Testng_Cucumber/src/test/resources/com/coding/features/Feature3.feature:8)
]]>
    </failure>
  </testcase> <!-- runScenario -->
  <testcase name="runScenario" time="64.924" classname="io.cucumber.testng.AbstractTestNGCucumberTests"/>
  <testcase name="runScenario" time="77.354" classname="io.cucumber.testng.AbstractTestNGCucumberTests">
    <failure type="java.lang.NullPointerException">
      <![CDATA[java.lang.NullPointerException
at com.coding.StepDefinitions.StepDefinition.for_valid_credendtial_login_successfully_else_fail_with_an_expected_error(StepDefinition.java:91)
at ✽.for valid credendtial login successfully else fail with an expected error(file:///F:/Practicesession/Logitech_Testng_Cucumber/src/test/resources/com/coding/features/Feature1.feature:8)
]]>
    </failure>
  </testcase> <!-- runScenario -->
</testsuite> <!-- Runner -->
